0 info it worked if it ends with ok
1 verbose cli [ '/usr/local/bin/node', '/usr/local/bin/npm', 'start' ]
2 info using npm@4.0.5
3 info using node@v7.4.0
4 verbose run-script [ 'prestart', 'start', 'poststart' ]
5 info lifecycle material-ui-example-webpack@0.16.4~prestart: material-ui-example-webpack@0.16.4
6 silly lifecycle material-ui-example-webpack@0.16.4~prestart: no script for prestart, continuing
7 info lifecycle material-ui-example-webpack@0.16.4~start: material-ui-example-webpack@0.16.4
8 verbose lifecycle material-ui-example-webpack@0.16.4~start: unsafe-perm in lifecycle true
9 verbose lifecycle material-ui-example-webpack@0.16.4~start: PATH: /usr/local/lib/node_modules/npm/bin/node-gyp-bin:/Users/tranvietthang/Source Code/react/uetflashcard/node_modules/.bin:/usr/local/bin:/usr/bin:/bin:/usr/sbin:/sbin:/Users/tranvietthang/Library/Android/sdk/platform-tools:/Users/tranvietthang/Library/Android/sdk/tools:/Users/tranvietthang/Library/Android/sdk:/opt/X11/bin
10 verbose lifecycle material-ui-example-webpack@0.16.4~start: CWD: /Users/tranvietthang/Source Code/react/uetflashcard
11 silly lifecycle material-ui-example-webpack@0.16.4~start: Args: [ '-c', 'node src/server.js' ]
12 silly lifecycle material-ui-example-webpack@0.16.4~start: Returned: code: 1  signal: null
13 info lifecycle material-ui-example-webpack@0.16.4~start: Failed to exec start script
14 verbose stack Error: material-ui-example-webpack@0.16.4 start: `node src/server.js`
14 verbose stack Exit status 1
14 verbose stack     at EventEmitter.<anonymous> (/usr/local/lib/node_modules/npm/lib/utils/lifecycle.js:279:16)
14 verbose stack     at emitTwo (events.js:106:13)
14 verbose stack     at EventEmitter.emit (events.js:191:7)
14 verbose stack     at ChildProcess.<anonymous> (/usr/local/lib/node_modules/npm/lib/utils/spawn.js:40:14)
14 verbose stack     at emitTwo (events.js:106:13)
14 verbose stack     at ChildProcess.emit (events.js:191:7)
14 verbose stack     at maybeClose (internal/child_process.js:885:16)
14 verbose stack     at Process.ChildProcess._handle.onexit (internal/child_process.js:226:5)
15 verbose pkgid material-ui-example-webpack@0.16.4
16 verbose cwd /Users/tranvietthang/Source Code/react/uetflashcard/src
17 error Darwin 15.6.0
18 error argv "/usr/local/bin/node" "/usr/local/bin/npm" "start"
19 error node v7.4.0
20 error npm  v4.0.5
21 error code ELIFECYCLE
22 error material-ui-example-webpack@0.16.4 start: `node src/server.js`
22 error Exit status 1
23 error Failed at the material-ui-example-webpack@0.16.4 start script 'node src/server.js'.
23 error Make sure you have the latest version of node.js and npm installed.
23 error If you do, this is most likely a problem with the material-ui-example-webpack package,
23 error not with npm itself.
23 error Tell the author that this fails on your system:
23 error     node src/server.js
23 error You can get information on how to open an issue for this project with:
23 error     npm bugs material-ui-example-webpack
23 error Or if that isn't available, you can get their info via:
23 error     npm owner ls material-ui-example-webpack
23 error There is likely additional logging output above.
24 verbose exit [ 1, true ]
